<?xml version="1.0" encoding="UTF-8"?>
<!-- Generated by org.testng.reporters.JUnitReportReporter -->
<testsuite hostname="krishna" failures="0" tests="1" name="tdd_framework.Execute_Reports" time="10.201" errors="0" timestamp="2022-12-12T17:22:37 IST" skipped="0">
  <testcase classname="tdd_framework.Execute_Reports" name="executeReport" time="10.201"/>
  <system-out/>
</testsuite> <!-- tdd_framework.Execute_Reports -->
