<?xml version="1.0" encoding="UTF-8"?>
<!-- Generated by org.testng.reporters.JUnitReportReporter -->
<testsuite hostname="krishna" failures="0" tests="4" name="general_programs_TestNG.Program4_Negative_PriorityAnno" time="0.014" errors="0" timestamp="2022-12-06T16:18:38 IST" skipped="0">
  <testcase classname="general_programs_TestNG.Program4_Negative_PriorityAnno" name="searcUser" time="0.010"/>
  <system-out/>
  <testcase classname="general_programs_TestNG.Program4_Negative_PriorityAnno" name="userCreated" time="0.002"/>
  <system-out/>
  <testcase classname="general_programs_TestNG.Program4_Negative_PriorityAnno" name="userDeleted" time="0.001"/>
  <system-out/>
  <testcase classname="general_programs_TestNG.Program4_Negative_PriorityAnno" name="userModifided" time="0.001"/>
  <system-out/>
</testsuite> <!-- general_programs_TestNG.Program4_Negative_PriorityAnno -->
