<?xml version="1.0" encoding="UTF-8"?>
<!-- Generated by org.testng.reporters.JUnitReportReporter -->
<testsuite hostname="krishna" failures="0" tests="4" name="general_programs_TestNG.Program5_TestCase_enable" time="0.013" errors="0" timestamp="2022-12-06T16:28:40 IST" skipped="1">
  <testcase classname="general_programs_TestNG.Program5_TestCase_enable" name="moduleSeared" time="0.001"/>
  <system-out/>
  <testcase classname="general_programs_TestNG.Program5_TestCase_enable" name="moduleDeleted" time="0.002"/>
  <system-out/>
  <testcase classname="general_programs_TestNG.Program5_TestCase_enable" name="moduleCreated" time="0.010"/>
  <system-out/>
  <testcase classname="general_programs_TestNG.Program5_TestCase_enable" name="moduleModified">
    <skipped/>
  </testcase> <!-- moduleModified -->
  <system-out/>
</testsuite> <!-- general_programs_TestNG.Program5_TestCase_enable -->
