<?xml version="1.0" encoding="UTF-8"?>
<!-- Generated by org.testng.reporters.JUnitReportReporter -->
<testsuite hostname="krishna" failures="0" tests="1" name="tdd_framework.Users" time="11.655" errors="0" timestamp="2022-12-12T15:37:55 IST" skipped="0">
  <testcase classname="tdd_framework.Users" name="executeUser" time="11.655"/>
  <system-out/>
</testsuite> <!-- tdd_framework.Users -->
