<?xml version="1.0" encoding="UTF-8"?>
<!-- Generated by org.testng.reporters.JUnitReportReporter -->
<testsuite hostname="krishna" failures="0" tests="8" name="general_programs_TestNG.Programm7_InvocationCount_TestAnno" time="0.020" errors="0" timestamp="2022-12-06T23:16:18 IST" skipped="1">
  <testcase classname="general_programs_TestNG.Programm7_InvocationCount_TestAnno" name="deposit" time="0.002"/>
  <system-out/>
  <testcase classname="general_programs_TestNG.Programm7_InvocationCount_TestAnno" name="deposit" time="0.002"/>
  <system-out/>
  <testcase classname="general_programs_TestNG.Programm7_InvocationCount_TestAnno" name="deposit" time="0.001"/>
  <system-out/>
  <testcase classname="general_programs_TestNG.Programm7_InvocationCount_TestAnno" name="deposit" time="0.000"/>
  <system-out/>
  <testcase classname="general_programs_TestNG.Programm7_InvocationCount_TestAnno" name="checkBalance" time="0.003"/>
  <system-out/>
  <testcase classname="general_programs_TestNG.Programm7_InvocationCount_TestAnno" name="deposit" time="0.000"/>
  <system-out/>
  <testcase classname="general_programs_TestNG.Programm7_InvocationCount_TestAnno" name="checkBalance" time="0.012"/>
  <system-out/>
  <testcase classname="general_programs_TestNG.Programm7_InvocationCount_TestAnno" name="withdrawl">
    <skipped/>
  </testcase> <!-- withdrawl -->
  <system-out/>
</testsuite> <!-- general_programs_TestNG.Programm7_InvocationCount_TestAnno -->
