<?xml version="1.0" encoding="UTF-8"?>
<!-- Generated by org.testng.reporters.JUnitReportReporter -->
<testsuite hostname="krishna" failures="0" tests="1" name="tdd_group_framework.Execute_Report" time="9.779" errors="0" timestamp="2022-12-12T21:57:41 IST" skipped="0">
  <testcase classname="tdd_group_framework.Execute_Report" name="Report" time="9.779"/>
  <system-out/>
</testsuite> <!-- tdd_group_framework.Execute_Report -->
