<?xml version="1.0" encoding="UTF-8"?>
<!-- Generated by org.testng.reporters.JUnitReportReporter -->
<testsuite hostname="krishna" failures="0" tests="1" name="general_programs_TestNG.Program1" time="0.011" errors="0" timestamp="2022-12-05T14:13:25 IST" skipped="0">
  <testcase classname="general_programs_TestNG.Program1" name="userCreated" time="0.011"/>
  <system-out/>
</testsuite> <!-- general_programs_TestNG.Program1 -->
