<?xml version="1.0" encoding="UTF-8"?>
<!-- Generated by org.testng.reporters.JUnitReportReporter -->
<testsuite hostname="krishna" failures="0" tests="1" name="tdd_framework.Excute_Task" time="6.112" errors="0" timestamp="2022-12-12T17:22:37 IST" skipped="0">
  <testcase classname="tdd_framework.Excute_Task" name="executeTask" time="6.112"/>
  <system-out/>
</testsuite> <!-- tdd_framework.Excute_Task -->
