<?xml version="1.0" encoding="UTF-8"?>
<!-- Generated by org.testng.reporters.JUnitReportReporter -->
<testsuite hostname="krishna" failures="0" tests="1" name="crossBrowserSearchChecking.FirefoxChecking" time="14.338" errors="0" timestamp="2022-12-15T16:26:34 IST" skipped="0">
  <testcase classname="crossBrowserSearchChecking.FirefoxChecking" name="getfirefox" time="14.338"/>
  <system-out/>
</testsuite> <!-- crossBrowserSearchChecking.FirefoxChecking -->
