<?xml version="1.0" encoding="UTF-8"?>
<!-- Generated by org.testng.reporters.JUnitReportReporter -->
<testsuite hostname="krishna" failures="0" tests="9" name="general_programs_TestNG.Assignment" time="0.022" errors="0" timestamp="2022-12-07T13:45:17 IST" skipped="0">
  <testcase classname="general_programs_TestNG.Assignment" name="Create" time="0.012"/>
  <system-out/>
  <testcase classname="general_programs_TestNG.Assignment" name="Modification" time="0.002"/>
  <system-out>
    <![CDATA[Modification method executed 5 times]]>
  </system-out>
  <testcase classname="general_programs_TestNG.Assignment" name="Modification" time="0.001"/>
  <system-out>
    <![CDATA[Modification method executed 5 times]]>
  </system-out>
  <testcase classname="general_programs_TestNG.Assignment" name="Modification" time="0.002"/>
  <system-out>
    <![CDATA[Modification method executed 5 times]]>
  </system-out>
  <testcase classname="general_programs_TestNG.Assignment" name="Modification" time="0.001"/>
  <system-out>
    <![CDATA[Modification method executed 5 times]]>
  </system-out>
  <testcase classname="general_programs_TestNG.Assignment" name="Modification" time="0.000"/>
  <system-out>
    <![CDATA[Modification method executed 5 times]]>
  </system-out>
  <testcase classname="general_programs_TestNG.Assignment" name="Search" time="0.002"/>
  <system-out/>
  <testcase classname="general_programs_TestNG.Assignment" name="Rename" time="0.001"/>
  <system-out/>
  <testcase classname="general_programs_TestNG.Assignment" name="Delete" time="0.001"/>
  <system-out>
    <![CDATA[Delete method depends on search method]]>
  </system-out>
</testsuite> <!-- general_programs_TestNG.Assignment -->
