<?xml version="1.0" encoding="UTF-8"?>
<!-- Generated by org.testng.reporters.JUnitReportReporter -->
<testsuite hostname="krishna" failures="0" tests="3" name="general_programs_TestNG.Program2" time="0.016" errors="0" timestamp="2022-12-06T23:15:19 IST" skipped="0">
  <testcase classname="general_programs_TestNG.Program2" name="userCreated" time="0.013"/>
  <system-out/>
  <testcase classname="general_programs_TestNG.Program2" name="userDeleted" time="0.002"/>
  <system-out/>
  <testcase classname="general_programs_TestNG.Program2" name="userModified" time="0.001"/>
  <system-out/>
</testsuite> <!-- general_programs_TestNG.Program2 -->
