<?xml version="1.0" encoding="UTF-8"?>
<!-- Generated by org.testng.reporters.JUnitReportReporter -->
<testsuite hostname="krishna" failures="0" tests="8" name="general_programs_TestNG.Program6_InvocationCount_TestAnno" time="0.021" errors="0" timestamp="2022-12-06T15:38:55 IST" skipped="0">
  <testcase classname="general_programs_TestNG.Program6_InvocationCount_TestAnno" name="userDeleted" time="0.001"/>
  <system-out/>
  <testcase classname="general_programs_TestNG.Program6_InvocationCount_TestAnno" name="userDeleted" time="0.002"/>
  <system-out/>
  <testcase classname="general_programs_TestNG.Program6_InvocationCount_TestAnno" name="userModified" time="0.001"/>
  <system-out/>
  <testcase classname="general_programs_TestNG.Program6_InvocationCount_TestAnno" name="userDeleted" time="0.001"/>
  <system-out/>
  <testcase classname="general_programs_TestNG.Program6_InvocationCount_TestAnno" name="userCreated" time="0.001"/>
  <system-out/>
  <testcase classname="general_programs_TestNG.Program6_InvocationCount_TestAnno" name="userCreated" time="0.001"/>
  <system-out/>
  <testcase classname="general_programs_TestNG.Program6_InvocationCount_TestAnno" name="userDeleted" time="0.002"/>
  <system-out/>
  <testcase classname="general_programs_TestNG.Program6_InvocationCount_TestAnno" name="userCreated" time="0.012"/>
  <system-out/>
</testsuite> <!-- general_programs_TestNG.Program6_InvocationCount_TestAnno -->
