<?xml version="1.0" encoding="UTF-8"?>
<!-- Generated by org.testng.reporters.JUnitReportReporter -->
<testsuite hostname="krishna" failures="0" tests="3" name="tdd_framework_crossbrowser.Leave_Module" time="15.741" errors="0" timestamp="2022-12-15T17:56:48 IST" skipped="0">
  <testcase classname="tdd_framework_crossbrowser.Leave_Module" name="click_leave" time="5.049"/>
  <system-out/>
  <testcase classname="tdd_framework_crossbrowser.Leave_Module" name="click_leave" time="5.048"/>
  <system-out/>
  <testcase classname="tdd_framework_crossbrowser.Leave_Module" name="click_leave" time="5.644"/>
  <system-out/>
</testsuite> <!-- tdd_framework_crossbrowser.Leave_Module -->
