<?xml version="1.0" encoding="UTF-8"?>
<!-- Generated by org.testng.reporters.JUnitReportReporter -->
<testsuite hostname="krishna" failures="0" tests="3" name="general_programs_TestNG.Program7_DependsOnMethod_TestAnno" time="0.013" errors="0" timestamp="2022-12-06T17:40:49 IST" skipped="1">
  <testcase classname="general_programs_TestNG.Program7_DependsOnMethod_TestAnno" name="DeleteUser" time="0.001"/>
  <system-out/>
  <testcase classname="general_programs_TestNG.Program7_DependsOnMethod_TestAnno" name="CreateUser" time="0.012"/>
  <system-out/>
  <testcase classname="general_programs_TestNG.Program7_DependsOnMethod_TestAnno" name="SearchUser">
    <skipped/>
  </testcase> <!-- SearchUser -->
  <system-out/>
</testsuite> <!-- general_programs_TestNG.Program7_DependsOnMethod_TestAnno -->
