<?xml version="1.0" encoding="UTF-8"?>
<!-- Generated by org.testng.reporters.JUnitReportReporter -->
<testsuite hostname="krishna" failures="0" tests="3" name="practice.Groups" time="0.012" errors="0" timestamp="2024-04-12T15:21:18 IST" skipped="0">
  <testcase classname="practice.Groups" name="test1" time="0.008"/>
  <testcase classname="practice.Groups" name="test2" time="0.002"/>
  <testcase classname="practice.Groups" name="test3" time="0.002"/>
</testsuite> <!-- practice.Groups -->
