<?xml version="1.0" encoding="UTF-8"?>
<!-- Generated by org.testng.reporters.JUnitReportReporter -->
<testsuite hostname="krishna" failures="0" tests="4" name="general_programs_TestNG.Program3" time="0.015" errors="0" timestamp="2022-12-06T14:06:45 IST" skipped="0">
  <testcase classname="general_programs_TestNG.Program3" name="userCreated" time="0.011"/>
  <system-out/>
  <testcase classname="general_programs_TestNG.Program3" name="searchUser" time="0.001"/>
  <system-out/>
  <testcase classname="general_programs_TestNG.Program3" name="userModified" time="0.002"/>
  <system-out/>
  <testcase classname="general_programs_TestNG.Program3" name="deleteUser" time="0.001"/>
  <system-out/>
</testsuite> <!-- general_programs_TestNG.Program3 -->
