<?xml version="1.0" encoding="UTF-8"?>
<!-- Generated by org.testng.reporters.JUnitReportReporter -->
<testsuite hostname="krishna" failures="0" tests="4" name="general_programs_TestNG.Program3_PriorityAnno" time="0.016" errors="0" timestamp="2022-12-06T23:15:46 IST" skipped="0">
  <testcase classname="general_programs_TestNG.Program3_PriorityAnno" name="userCreated" time="0.011"/>
  <system-out/>
  <testcase classname="general_programs_TestNG.Program3_PriorityAnno" name="searchUser" time="0.002"/>
  <system-out/>
  <testcase classname="general_programs_TestNG.Program3_PriorityAnno" name="userModified" time="0.002"/>
  <system-out/>
  <testcase classname="general_programs_TestNG.Program3_PriorityAnno" name="deleteUser" time="0.001"/>
  <system-out/>
</testsuite> <!-- general_programs_TestNG.Program3_PriorityAnno -->
