<?xml version="1.0" encoding="UTF-8"?>
<!-- Generated by org.testng.reporters.JUnitReportReporter -->
<testsuite hostname="krishna" failures="0" tests="4" name="general_programs_TestNG.Program5_TestCase_enable_disable" time="0.010" errors="0" timestamp="2022-12-06T14:27:18 IST" skipped="1">
  <testcase classname="general_programs_TestNG.Program5_TestCase_enable_disable" name="moduleSeared" time="0.000"/>
  <system-out/>
  <testcase classname="general_programs_TestNG.Program5_TestCase_enable_disable" name="moduleModified" time="0.001"/>
  <system-out/>
  <testcase classname="general_programs_TestNG.Program5_TestCase_enable_disable" name="moduleCreated" time="0.009"/>
  <system-out/>
  <testcase classname="general_programs_TestNG.Program5_TestCase_enable_disable" name="moduleDeleted">
    <skipped/>
  </testcase> <!-- moduleDeleted -->
  <system-out/>
</testsuite> <!-- general_programs_TestNG.Program5_TestCase_enable_disable -->
